  main.cpp
  plane.cpp
E:\Software\PCL1.12.0\3rdParty\Boost\include\boost-1_76\boost\detail\iterator.hpp(13): message : This header is deprecated. Use <iterator> instead.
  正在生成代码...
plane.obj : error LNK2019: 无法解析的外部符号 "void __cdecl cv::error(int,class std::basic_string<char,struct std::char_traits<char>,class std::allocator<char> > const &,char const *,char const *,int)" (?error@cv@@YAXHABV?$basic_string@DU?$char_traits@D@std@@V?$allocator@D@2@@std@@PBD1H@Z)，函数 "public: class cv::MatCommaInitializer_<double> & __thiscall cv::MatCommaInitializer_<double>::operator,<int>(int)" (??$?QH@?$MatCommaInitializer_@N@cv@@QAEAAV01@H@Z) 中引用了该符号
plane.obj : error LNK2019: 无法解析的外部符号 "public: __thiscall cv::Mat::Mat(void)" (??0Mat@cv@@QAE@XZ)，函数 "public: __thiscall cv::Mat_<double>::Mat_<double>(class cv::Mat const &)" (??0?$Mat_@N@cv@@QAE@ABVMat@1@@Z) 中引用了该符号
plane.obj : error LNK2019: 无法解析的外部符号 "public: __thiscall cv::Mat::Mat(int,int,int)" (??0Mat@cv@@QAE@HHH@Z)，函数 "public: __thiscall cv::Mat_<double>::Mat_<double>(int,int)" (??0?$Mat_@N@cv@@QAE@HH@Z) 中引用了该符号
plane.obj : error LNK2019: 无法解析的外部符号 "public: __thiscall cv::Mat::Mat(int,int,int,class cv::Scalar_<double> const &)" (??0Mat@cv@@QAE@HHHABV?$Scalar_@N@1@@Z)，函数 "void __cdecl fitPlane(int,int,class std::basic_string<char,struct std::char_traits<char>,class std::allocator<char> > const &,float)" (?fitPlane@@YAXHHABV?$basic_string@DU?$char_traits@D@std@@V?$allocator@D@2@@std@@M@Z) 中引用了该符号
plane.obj : error LNK2019: 无法解析的外部符号 "public: __thiscall cv::Mat::~Mat(void)" (??1Mat@cv@@QAE@XZ)，函数 __unwindfunclet$??0?$Mat_@N@cv@@QAE@ABVMat@1@@Z$0 中引用了该符号
plane.obj : error LNK2019: 无法解析的外部符号 "public: class cv::Mat & __thiscall cv::Mat::operator=(class cv::Mat const &)" (??4Mat@cv@@QAEAAV01@ABV01@@Z)，函数 "public: class cv::Mat_<double> & __thiscall cv::Mat_<double>::operator=(class cv::Mat const &)" (??4?$Mat_@N@cv@@QAEAAV01@ABVMat@1@@Z) 中引用了该符号
plane.obj : error LNK2019: 无法解析的外部符号 "public: void __thiscall cv::Mat::convertTo(class cv::debug_build_guard::_OutputArray const &,int,double,double)const " (?convertTo@Mat@cv@@QBEXABV_OutputArray@debug_build_guard@2@HNN@Z)，函数 "public: class cv::Mat_<double> & __thiscall cv::Mat_<double>::operator=(class cv::Mat &&)" (??4?$Mat_@N@cv@@QAEAAV01@$$QAVMat@1@@Z) 中引用了该符号
plane.obj : error LNK2019: 无法解析的外部符号 "public: class cv::Mat __thiscall cv::Mat::reshape(int,int,int const *)const " (?reshape@Mat@cv@@QBE?AV12@HHPBH@Z)，函数 "public: class cv::Mat_<double> & __thiscall cv::Mat_<double>::operator=(class cv::Mat &&)" (??4?$Mat_@N@cv@@QAEAAV01@$$QAVMat@1@@Z) 中引用了该符号
plane.obj : error LNK2019: 无法解析的外部符号 "public: void __thiscall cv::Mat::release(void)" (?release@Mat@cv@@QAEXXZ)，函数 "public: void __thiscall cv::Mat_<double>::release(void)" (?release@?$Mat_@N@cv@@QAEXXZ) 中引用了该符号
plane.obj : error LNK2019: 无法解析的外部符号 "public: bool __thiscall cv::Mat::empty(void)const " (?empty@Mat@cv@@QBE_NXZ)，函数 "public: class cv::MatConstIterator_<double> __thiscall cv::Mat::end<double>(void)const " (??$end@N@Mat@cv@@QBE?AV?$MatConstIterator_@N@1@XZ) 中引用了该符号
plane.obj : error LNK2019: 无法解析的外部符号 "public: unsigned int __thiscall cv::Mat::total(void)const " (?total@Mat@cv@@QBEIXZ)，函数 "public: class cv::MatConstIterator_<double> __thiscall cv::Mat::end<double>(void)const " (??$end@N@Mat@cv@@QBE?AV?$MatConstIterator_@N@1@XZ) 中引用了该符号
plane.obj : error LNK2019: 无法解析的外部符号 "public: __thiscall cv::Mat::Mat(class cv::Mat &&)" (??0Mat@cv@@QAE@$$QAV01@@Z)，函数 "public: __thiscall cv::MatExpr::operator class cv::Mat(void)const " (??BMatExpr@cv@@QBE?AVMat@1@XZ) 中引用了该符号
plane.obj : error LNK2019: 无法解析的外部符号 "public: class cv::Mat & __thiscall cv::Mat::operator=(class cv::Mat &&)" (??4Mat@cv@@QAEAAV01@$$QAV01@@Z)，函数 "public: class cv::Mat_<double> & __thiscall cv::Mat_<double>::operator=(class cv::Mat &&)" (??4?$Mat_@N@cv@@QAEAAV01@$$QAVMat@1@@Z) 中引用了该符号
plane.obj : error LNK2019: 无法解析的外部符号 "public: void __thiscall cv::MatConstIterator::seek(int,bool)" (?seek@MatConstIterator@cv@@QAEXH_N@Z)，函数 "public: class cv::MatConstIterator & __thiscall cv::MatConstIterator::operator++(void)" (??EMatConstIterator@cv@@QAEAAV01@XZ) 中引用了该符号
plane.obj : error LNK2019: 无法解析的外部符号 "public: void __thiscall cv::MatConstIterator::seek(int const *,bool)" (?seek@MatConstIterator@cv@@QAEXPBH_N@Z)，函数 "public: __thiscall cv::MatConstIterator::MatConstIterator(class cv::Mat const *)" (??0MatConstIterator@cv@@QAE@PBVMat@1@@Z) 中引用了该符号
plane.obj : error LNK2019: 无法解析的外部符号 "class cv::MatExpr __cdecl cv::operator+(class cv::MatExpr const &,class cv::Mat const &)" (??Hcv@@YA?AVMatExpr@0@ABV10@ABVMat@0@@Z)，函数 "class cv::Vec<unsigned char,3> __cdecl getPixelValue(class cv::Mat const &,class cv::Mat const &,class cv::Mat const &,class cv::Mat const &,class cv::Point3_<float> const &,class cv::Mat &)" (?getPixelValue@@YA?AV?$Vec@E$02@cv@@ABVMat@2@000ABV?$Point3_@M@2@AAV32@@Z) 中引用了该符号
plane.obj : error LNK2019: 无法解析的外部符号 "class cv::MatExpr __cdecl cv::operator*(class cv::Mat const &,class cv::Mat const &)" (??Dcv@@YA?AVMatExpr@0@ABVMat@0@0@Z)，函数 "class cv::Vec<unsigned char,3> __cdecl getPixelValue(class cv::Mat const &,class cv::Mat const &,class cv::Mat const &,class cv::Mat const &,class cv::Point3_<float> const &,class cv::Mat &)" (?getPixelValue@@YA?AV?$Vec@E$02@cv@@ABVMat@2@000ABV?$Point3_@M@2@AAV32@@Z) 中引用了该符号
plane.obj : error LNK2019: 无法解析的外部符号 "void __cdecl pcl::console::print(enum pcl::console::VERBOSITY_LEVEL,char const *,...)" (?print@console@pcl@@YAXW4VERBOSITY_LEVEL@12@PBDZZ)，函数 "public: void __thiscall pcl::detail::FieldMapper<struct pcl::PointXYZ>::operator()<struct pcl::fields::x>(void)" (??$?RUx@fields@pcl@@@?$FieldMapper@UPointXYZ@pcl@@@detail@pcl@@QAEXXZ) 中引用了该符号
plane.obj : error LNK2001: 无法解析的外部符号 "public: virtual int __thiscall pcl::PLYReader::readHeader(class std::basic_string<char,struct std::char_traits<char>,class std::allocator<char> > const &,struct pcl::PCLPointCloud2 &,class Eigen::Matrix<float,4,1,0,4,1> &,class Eigen::Quaternion<float,0> &,int &,int &,unsigned int &,int)" (?readHeader@PLYReader@pcl@@UAEHABV?$basic_string@DU?$char_traits@D@std@@V?$allocator@D@2@@std@@AAUPCLPointCloud2@2@AAV?$Matrix@M$03$00$0A@$03$00@Eigen@@AAV?$Quaternion@M$0A@@7@AAH4AAIH@Z)
plane.obj : error LNK2001: 无法解析的外部符号 "public: virtual int __thiscall pcl::PLYReader::read(class std::basic_string<char,struct std::char_traits<char>,class std::allocator<char> > const &,struct pcl::PCLPointCloud2 &,class Eigen::Matrix<float,4,1,0,4,1> &,class Eigen::Quaternion<float,0> &,int &,int)" (?read@PLYReader@pcl@@UAEHABV?$basic_string@DU?$char_traits@D@std@@V?$allocator@D@2@@std@@AAUPCLPointCloud2@2@AAV?$Matrix@M$03$00$0A@$03$00@Eigen@@AAV?$Quaternion@M$0A@@7@AAHH@Z)
plane.obj : error LNK2019: 无法解析的外部符号 "class cv::Mat __cdecl cv::imread(class std::basic_string<char,struct std::char_traits<char>,class std::allocator<char> > const &,int)" (?imread@cv@@YA?AVMat@1@ABV?$basic_string@DU?$char_traits@D@std@@V?$allocator@D@2@@std@@H@Z)，函数 "void __cdecl loadCameraExtrinsics(class std::basic_string<char,struct std::char_traits<char>,class std::allocator<char> > const &,class cv::Point3_<float> const &,class cv::Mat &)" (?loadCameraExtrinsics@@YAXABV?$basic_string@DU?$char_traits@D@std@@V?$allocator@D@2@@std@@ABV?$Point3_@M@cv@@AAVMat@4@@Z) 中引用了该符号
plane.obj : error LNK2019: 无法解析的外部符号 "bool __cdecl cv::imwrite(class std::basic_string<char,struct std::char_traits<char>,class std::allocator<char> > const &,class cv::debug_build_guard::_InputArray const &,class std::vector<int,class std::allocator<int> > const &)" (?imwrite@cv@@YA_NABV?$basic_string@DU?$char_traits@D@std@@V?$allocator@D@2@@std@@ABV_InputArray@debug_build_guard@1@ABV?$vector@HV?$allocator@H@std@@@3@@Z)，函数 "void __cdecl fitPlane(int,int,class std::basic_string<char,struct std::char_traits<char>,class std::allocator<char> > const &,float)" (?fitPlane@@YAXHHABV?$basic_string@DU?$char_traits@D@std@@V?$allocator@D@2@@std@@M@Z) 中引用了该符号
plane.obj : error LNK2019: 无法解析的外部符号 "public: __thiscall pcl::PCLBase<struct pcl::PointXYZ>::PCLBase<struct pcl::PointXYZ>(void)" (??0?$PCLBase@UPointXYZ@pcl@@@pcl@@QAE@XZ)，函数 "public: __thiscall pcl::SACSegmentation<struct pcl::PointXYZ>::SACSegmentation<struct pcl::PointXYZ>(bool)" (??0?$SACSegmentation@UPointXYZ@pcl@@@pcl@@QAE@_N@Z) 中引用了该符号
plane.obj : error LNK2019: 无法解析的外部符号 "public: virtual void __thiscall pcl::PCLBase<struct pcl::PointXYZ>::setInputCloud(class std::shared_ptr<class pcl::PointCloud<struct pcl::PointXYZ> const > const &)" (?setInputCloud@?$PCLBase@UPointXYZ@pcl@@@pcl@@UAEXABV?$shared_ptr@$$CBV?$PointCloud@UPointXYZ@pcl@@@pcl@@@std@@@Z)，函数 "void __cdecl fitPlane(int,int,class std::basic_string<char,struct std::char_traits<char>,class std::allocator<char> > const &,float)" (?fitPlane@@YAXHHABV?$basic_string@DU?$char_traits@D@std@@V?$allocator@D@2@@std@@M@Z) 中引用了该符号
plane.obj : error LNK2001: 无法解析的外部符号 "public: virtual void __thiscall pcl::PCLBase<struct pcl::PointXYZ>::setIndices(class std::shared_ptr<class std::vector<int,class std::allocator<int> > > const &)" (?setIndices@?$PCLBase@UPointXYZ@pcl@@@pcl@@UAEXABV?$shared_ptr@V?$vector@HV?$allocator@H@std@@@std@@@std@@@Z)
plane.obj : error LNK2001: 无法解析的外部符号 "public: virtual void __thiscall pcl::PCLBase<struct pcl::PointXYZ>::setIndices(class std::shared_ptr<class std::vector<int,class std::allocator<int> > const > const &)" (?setIndices@?$PCLBase@UPointXYZ@pcl@@@pcl@@UAEXABV?$shared_ptr@$$CBV?$vector@HV?$allocator@H@std@@@std@@@std@@@Z)
plane.obj : error LNK2001: 无法解析的外部符号 "public: virtual void __thiscall pcl::PCLBase<struct pcl::PointXYZ>::setIndices(class std::shared_ptr<struct pcl::PointIndices const > const &)" (?setIndices@?$PCLBase@UPointXYZ@pcl@@@pcl@@UAEXABV?$shared_ptr@$$CBUPointIndices@pcl@@@std@@@Z)
plane.obj : error LNK2001: 无法解析的外部符号 "public: virtual void __thiscall pcl::PCLBase<struct pcl::PointXYZ>::setIndices(unsigned int,unsigned int,unsigned int,unsigned int)" (?setIndices@?$PCLBase@UPointXYZ@pcl@@@pcl@@UAEXIIII@Z)
plane.obj : error LNK2019: 无法解析的外部符号 "public: virtual void __thiscall pcl::SACSegmentation<struct pcl::PointXYZ>::segment(struct pcl::PointIndices &,struct pcl::ModelCoefficients &)" (?segment@?$SACSegmentation@UPointXYZ@pcl@@@pcl@@UAEXAAUPointIndices@2@AAUModelCoefficients@2@@Z)，函数 "void __cdecl fitPlane(int,int,class std::basic_string<char,struct std::char_traits<char>,class std::allocator<char> > const &,float)" (?fitPlane@@YAXHHABV?$basic_string@DU?$char_traits@D@std@@V?$allocator@D@2@@std@@M@Z) 中引用了该符号
plane.obj : error LNK2001: 无法解析的外部符号 "protected: virtual bool __thiscall pcl::SACSegmentation<struct pcl::PointXYZ>::initSACModel(int)" (?initSACModel@?$SACSegmentation@UPointXYZ@pcl@@@pcl@@MAE_NH@Z)
plane.obj : error LNK2001: 无法解析的外部符号 "protected: virtual void __thiscall pcl::SACSegmentation<struct pcl::PointXYZ>::initSAC(int)" (?initSAC@?$SACSegmentation@UPointXYZ@pcl@@@pcl@@MAEXH@Z)
E:\Software\PCL1.12.0\lib\pcl_common.lib : warning LNK4272: 库计算机类型“x64”与目标计算机类型“x86”冲突
E:\Software\PCL1.12.0\lib\pcl_features.lib : warning LNK4272: 库计算机类型“x64”与目标计算机类型“x86”冲突
E:\Software\PCL1.12.0\lib\pcl_filters.lib : warning LNK4272: 库计算机类型“x64”与目标计算机类型“x86”冲突
E:\Software\PCL1.12.0\lib\pcl_io.lib : warning LNK4272: 库计算机类型“x64”与目标计算机类型“x86”冲突
E:\Software\PCL1.12.0\lib\pcl_io_ply.lib : warning LNK4272: 库计算机类型“x64”与目标计算机类型“x86”冲突
E:\Software\PCL1.12.0\lib\pcl_kdtree.lib : warning LNK4272: 库计算机类型“x64”与目标计算机类型“x86”冲突
E:\Software\PCL1.12.0\lib\pcl_keypoints.lib : warning LNK4272: 库计算机类型“x64”与目标计算机类型“x86”冲突
E:\Software\PCL1.12.0\lib\pcl_ml.lib : warning LNK4272: 库计算机类型“x64”与目标计算机类型“x86”冲突
E:\Software\PCL1.12.0\lib\pcl_octree.lib : warning LNK4272: 库计算机类型“x64”与目标计算机类型“x86”冲突
E:\Software\PCL1.12.0\lib\pcl_outofcore.lib : warning LNK4272: 库计算机类型“x64”与目标计算机类型“x86”冲突
E:\Software\PCL1.12.0\lib\pcl_people.lib : warning LNK4272: 库计算机类型“x64”与目标计算机类型“x86”冲突
E:\Software\PCL1.12.0\lib\pcl_recognition.lib : warning LNK4272: 库计算机类型“x64”与目标计算机类型“x86”冲突
E:\Software\PCL1.12.0\lib\pcl_registration.lib : warning LNK4272: 库计算机类型“x64”与目标计算机类型“x86”冲突
E:\Software\PCL1.12.0\lib\pcl_sample_consensus.lib : warning LNK4272: 库计算机类型“x64”与目标计算机类型“x86”冲突
E:\Software\PCL1.12.0\lib\pcl_search.lib : warning LNK4272: 库计算机类型“x64”与目标计算机类型“x86”冲突
E:\Software\PCL1.12.0\lib\pcl_segmentation.lib : warning LNK4272: 库计算机类型“x64”与目标计算机类型“x86”冲突
E:\Software\PCL1.12.0\lib\pcl_stereo.lib : warning LNK4272: 库计算机类型“x64”与目标计算机类型“x86”冲突
E:\Software\PCL1.12.0\lib\pcl_surface.lib : warning LNK4272: 库计算机类型“x64”与目标计算机类型“x86”冲突
E:\Software\PCL1.12.0\lib\pcl_tracking.lib : warning LNK4272: 库计算机类型“x64”与目标计算机类型“x86”冲突
E:\Software\PCL1.12.0\lib\pcl_visualization.lib : warning LNK4272: 库计算机类型“x64”与目标计算机类型“x86”冲突
E:\Software\PCL1.12.0\3rdParty\Boost\lib\libboost_atomic-vc142-mt-x64-1_76.lib : warning LNK4272: 库计算机类型“x64”与目标计算机类型“x86”冲突
E:\Software\PCL1.12.0\3rdParty\Boost\lib\libboost_bzip2-vc142-mt-x64-1_76.lib : warning LNK4272: 库计算机类型“x64”与目标计算机类型“x86”冲突
E:\Software\PCL1.12.0\3rdParty\Boost\lib\libboost_chrono-vc142-mt-x64-1_76.lib : warning LNK4272: 库计算机类型“x64”与目标计算机类型“x86”冲突
E:\Software\PCL1.12.0\3rdParty\Boost\lib\libboost_container-vc142-mt-x64-1_76.lib : warning LNK4272: 库计算机类型“x64”与目标计算机类型“x86”冲突
E:\Software\PCL1.12.0\3rdParty\Boost\lib\libboost_context-vc142-mt-x64-1_76.lib : warning LNK4272: 库计算机类型“x64”与目标计算机类型“x86”冲突
E:\Software\PCL1.12.0\3rdParty\Boost\lib\libboost_contract-vc142-mt-x64-1_76.lib : warning LNK4272: 库计算机类型“x64”与目标计算机类型“x86”冲突
E:\Software\PCL1.12.0\3rdParty\Boost\lib\libboost_coroutine-vc142-mt-x64-1_76.lib : warning LNK4272: 库计算机类型“x64”与目标计算机类型“x86”冲突
E:\Software\PCL1.12.0\3rdParty\Boost\lib\libboost_date_time-vc142-mt-x64-1_76.lib : warning LNK4272: 库计算机类型“x64”与目标计算机类型“x86”冲突
E:\Software\PCL1.12.0\3rdParty\Boost\lib\libboost_exception-vc142-mt-x64-1_76.lib : warning LNK4272: 库计算机类型“x64”与目标计算机类型“x86”冲突
E:\Software\PCL1.12.0\3rdParty\Boost\lib\libboost_fiber-vc142-mt-x64-1_76.lib : warning LNK4272: 库计算机类型“x64”与目标计算机类型“x86”冲突
E:\Software\PCL1.12.0\3rdParty\Boost\lib\libboost_filesystem-vc142-mt-x64-1_76.lib : warning LNK4272: 库计算机类型“x64”与目标计算机类型“x86”冲突
E:\Software\PCL1.12.0\3rdParty\Boost\lib\libboost_graph-vc142-mt-x64-1_76.lib : warning LNK4272: 库计算机类型“x64”与目标计算机类型“x86”冲突
E:\Software\PCL1.12.0\3rdParty\Boost\lib\libboost_graph_parallel-vc142-mt-x64-1_76.lib : warning LNK4272: 库计算机类型“x64”与目标计算机类型“x86”冲突
E:\Software\PCL1.12.0\3rdParty\Boost\lib\libboost_iostreams-vc142-mt-x64-1_76.lib : warning LNK4272: 库计算机类型“x64”与目标计算机类型“x86”冲突
E:\Software\PCL1.12.0\3rdParty\Boost\lib\libboost_json-vc142-mt-x64-1_76.lib : warning LNK4272: 库计算机类型“x64”与目标计算机类型“x86”冲突
E:\Software\PCL1.12.0\3rdParty\Boost\lib\libboost_locale-vc142-mt-x64-1_76.lib : warning LNK4272: 库计算机类型“x64”与目标计算机类型“x86”冲突
E:\Software\PCL1.12.0\3rdParty\Boost\lib\libboost_log-vc142-mt-x64-1_76.lib : warning LNK4272: 库计算机类型“x64”与目标计算机类型“x86”冲突
E:\Software\PCL1.12.0\3rdParty\Boost\lib\libboost_log_setup-vc142-mt-x64-1_76.lib : warning LNK4272: 库计算机类型“x64”与目标计算机类型“x86”冲突
E:\Software\PCL1.12.0\3rdParty\Boost\lib\libboost_math_c99-vc142-mt-x64-1_76.lib : warning LNK4272: 库计算机类型“x64”与目标计算机类型“x86”冲突
E:\Software\PCL1.12.0\3rdParty\Boost\lib\libboost_math_c99f-vc142-mt-x64-1_76.lib : warning LNK4272: 库计算机类型“x64”与目标计算机类型“x86”冲突
E:\Software\PCL1.12.0\3rdParty\Boost\lib\libboost_math_c99l-vc142-mt-x64-1_76.lib : warning LNK4272: 库计算机类型“x64”与目标计算机类型“x86”冲突
E:\Software\PCL1.12.0\3rdParty\Boost\lib\libboost_math_tr1-vc142-mt-x64-1_76.lib : warning LNK4272: 库计算机类型“x64”与目标计算机类型“x86”冲突
E:\Software\PCL1.12.0\3rdParty\Boost\lib\libboost_math_tr1f-vc142-mt-x64-1_76.lib : warning LNK4272: 库计算机类型“x64”与目标计算机类型“x86”冲突
E:\Software\PCL1.12.0\3rdParty\Boost\lib\libboost_math_tr1l-vc142-mt-x64-1_76.lib : warning LNK4272: 库计算机类型“x64”与目标计算机类型“x86”冲突
E:\Software\PCL1.12.0\3rdParty\Boost\lib\libboost_mpi-vc142-mt-x64-1_76.lib : warning LNK4272: 库计算机类型“x64”与目标计算机类型“x86”冲突
E:\Software\PCL1.12.0\3rdParty\Boost\lib\libboost_nowide-vc142-mt-x64-1_76.lib : warning LNK4272: 库计算机类型“x64”与目标计算机类型“x86”冲突
E:\Software\PCL1.12.0\3rdParty\Boost\lib\libboost_numpy38-vc142-mt-x64-1_76.lib : warning LNK4272: 库计算机类型“x64”与目标计算机类型“x86”冲突
E:\Software\PCL1.12.0\3rdParty\Boost\lib\libboost_prg_exec_monitor-vc142-mt-x64-1_76.lib : warning LNK4272: 库计算机类型“x64”与目标计算机类型“x86”冲突
E:\Software\PCL1.12.0\3rdParty\Boost\lib\libboost_program_options-vc142-mt-x64-1_76.lib : warning LNK4272: 库计算机类型“x64”与目标计算机类型“x86”冲突
E:\Software\PCL1.12.0\3rdParty\Boost\lib\libboost_python38-vc142-mt-x64-1_76.lib : warning LNK4272: 库计算机类型“x64”与目标计算机类型“x86”冲突
E:\Software\PCL1.12.0\3rdParty\Boost\lib\libboost_random-vc142-mt-x64-1_76.lib : warning LNK4272: 库计算机类型“x64”与目标计算机类型“x86”冲突
E:\Software\PCL1.12.0\3rdParty\Boost\lib\libboost_regex-vc142-mt-x64-1_76.lib : warning LNK4272: 库计算机类型“x64”与目标计算机类型“x86”冲突
E:\Software\PCL1.12.0\3rdParty\Boost\lib\libboost_serialization-vc142-mt-x64-1_76.lib : warning LNK4272: 库计算机类型“x64”与目标计算机类型“x86”冲突
E:\Software\PCL1.12.0\3rdParty\Boost\lib\libboost_stacktrace_noop-vc142-mt-x64-1_76.lib : warning LNK4272: 库计算机类型“x64”与目标计算机类型“x86”冲突
E:\Software\PCL1.12.0\3rdParty\Boost\lib\libboost_stacktrace_windbg-vc142-mt-x64-1_76.lib : warning LNK4272: 库计算机类型“x64”与目标计算机类型“x86”冲突
E:\Software\PCL1.12.0\3rdParty\Boost\lib\libboost_stacktrace_windbg_cached-vc142-mt-x64-1_76.lib : warning LNK4272: 库计算机类型“x64”与目标计算机类型“x86”冲突
E:\Software\PCL1.12.0\3rdParty\Boost\lib\libboost_system-vc142-mt-x64-1_76.lib : warning LNK4272: 库计算机类型“x64”与目标计算机类型“x86”冲突
E:\Software\PCL1.12.0\3rdParty\Boost\lib\libboost_test_exec_monitor-vc142-mt-x64-1_76.lib : warning LNK4272: 库计算机类型“x64”与目标计算机类型“x86”冲突
E:\Software\PCL1.12.0\3rdParty\Boost\lib\libboost_thread-vc142-mt-x64-1_76.lib : warning LNK4272: 库计算机类型“x64”与目标计算机类型“x86”冲突
E:\Software\PCL1.12.0\3rdParty\Boost\lib\libboost_timer-vc142-mt-x64-1_76.lib : warning LNK4272: 库计算机类型“x64”与目标计算机类型“x86”冲突
E:\Software\PCL1.12.0\3rdParty\Boost\lib\libboost_type_erasure-vc142-mt-x64-1_76.lib : warning LNK4272: 库计算机类型“x64”与目标计算机类型“x86”冲突
E:\Software\PCL1.12.0\3rdParty\Boost\lib\libboost_unit_test_framework-vc142-mt-x64-1_76.lib : warning LNK4272: 库计算机类型“x64”与目标计算机类型“x86”冲突
E:\Software\PCL1.12.0\3rdParty\Boost\lib\libboost_wave-vc142-mt-x64-1_76.lib : warning LNK4272: 库计算机类型“x64”与目标计算机类型“x86”冲突
E:\Software\PCL1.12.0\3rdParty\Boost\lib\libboost_wserialization-vc142-mt-x64-1_76.lib : warning LNK4272: 库计算机类型“x64”与目标计算机类型“x86”冲突
E:\Software\PCL1.12.0\3rdParty\Boost\lib\libboost_zlib-vc142-mt-x64-1_76.lib : warning LNK4272: 库计算机类型“x64”与目标计算机类型“x86”冲突
E:\Software\PCL1.12.0\3rdParty\FLANN\lib\flann.lib : warning LNK4272: 库计算机类型“x64”与目标计算机类型“x86”冲突
E:\Software\PCL1.12.0\3rdParty\FLANN\lib\flann_cpp.lib : warning LNK4272: 库计算机类型“x64”与目标计算机类型“x86”冲突
E:\Software\PCL1.12.0\3rdParty\FLANN\lib\flann_cpp_s.lib : warning LNK4272: 库计算机类型“x64”与目标计算机类型“x86”冲突
E:\Software\PCL1.12.0\3rdParty\FLANN\lib\flann_s.lib : warning LNK4272: 库计算机类型“x64”与目标计算机类型“x86”冲突
E:\Software\PCL1.12.0\3rdParty\OpenNI2\Lib\OpenNI2.lib : warning LNK4272: 库计算机类型“x64”与目标计算机类型“x86”冲突
E:\Software\PCL1.12.0\3rdParty\Qhull\lib\qhullcpp.lib : warning LNK4272: 库计算机类型“x64”与目标计算机类型“x86”冲突
E:\Software\PCL1.12.0\3rdParty\Qhull\lib\qhullstatic.lib : warning LNK4272: 库计算机类型“x64”与目标计算机类型“x86”冲突
E:\Software\PCL1.12.0\3rdParty\Qhull\lib\qhullstatic_r.lib : warning LNK4272: 库计算机类型“x64”与目标计算机类型“x86”冲突
E:\Software\PCL1.12.0\3rdParty\Qhull\lib\qhull_r.lib : warning LNK4272: 库计算机类型“x64”与目标计算机类型“x86”冲突
E:\Software\PCL1.12.0\3rdParty\VTK\lib\vtkChartsCore-9.0.lib : warning LNK4272: 库计算机类型“x64”与目标计算机类型“x86”冲突
E:\Software\PCL1.12.0\3rdParty\VTK\lib\vtkCommonColor-9.0.lib : warning LNK4272: 库计算机类型“x64”与目标计算机类型“x86”冲突
E:\Software\PCL1.12.0\3rdParty\VTK\lib\vtkCommonComputationalGeometry-9.0.lib : warning LNK4272: 库计算机类型“x64”与目标计算机类型“x86”冲突
E:\Software\PCL1.12.0\3rdParty\VTK\lib\vtkCommonCore-9.0.lib : warning LNK4272: 库计算机类型“x64”与目标计算机类型“x86”冲突
E:\Software\PCL1.12.0\3rdParty\VTK\lib\vtkCommonDataModel-9.0.lib : warning LNK4272: 库计算机类型“x64”与目标计算机类型“x86”冲突
E:\Software\PCL1.12.0\3rdParty\VTK\lib\vtkCommonExecutionModel-9.0.lib : warning LNK4272: 库计算机类型“x64”与目标计算机类型“x86”冲突
E:\Software\PCL1.12.0\3rdParty\VTK\lib\vtkCommonMath-9.0.lib : warning LNK4272: 库计算机类型“x64”与目标计算机类型“x86”冲突
E:\Software\PCL1.12.0\3rdParty\VTK\lib\vtkCommonMisc-9.0.lib : warning LNK4272: 库计算机类型“x64”与目标计算机类型“x86”冲突
E:\Software\PCL1.12.0\3rdParty\VTK\lib\vtkCommonSystem-9.0.lib : warning LNK4272: 库计算机类型“x64”与目标计算机类型“x86”冲突
E:\Software\PCL1.12.0\3rdParty\VTK\lib\vtkCommonTransforms-9.0.lib : warning LNK4272: 库计算机类型“x64”与目标计算机类型“x86”冲突
E:\Software\PCL1.12.0\3rdParty\VTK\lib\vtkDICOMParser-9.0.lib : warning LNK4272: 库计算机类型“x64”与目标计算机类型“x86”冲突
E:\Software\PCL1.12.0\3rdParty\VTK\lib\vtkDomainsChemistry-9.0.lib : warning LNK4272: 库计算机类型“x64”与目标计算机类型“x86”冲突
E:\Software\PCL1.12.0\3rdParty\VTK\lib\vtkDomainsChemistryOpenGL2-9.0.lib : warning LNK4272: 库计算机类型“x64”与目标计算机类型“x86”冲突
E:\Software\PCL1.12.0\3rdParty\VTK\lib\vtkdoubleconversion-9.0.lib : warning LNK4272: 库计算机类型“x64”与目标计算机类型“x86”冲突
E:\Software\PCL1.12.0\3rdParty\VTK\lib\vtkexodusII-9.0.lib : warning LNK4272: 库计算机类型“x64”与目标计算机类型“x86”冲突
E:\Software\PCL1.12.0\3rdParty\VTK\lib\vtkexpat-9.0.lib : warning LNK4272: 库计算机类型“x64”与目标计算机类型“x86”冲突
E:\Software\PCL1.12.0\3rdParty\VTK\lib\vtkFiltersAMR-9.0.lib : warning LNK4272: 库计算机类型“x64”与目标计算机类型“x86”冲突
E:\Software\PCL1.12.0\3rdParty\VTK\lib\vtkFiltersCore-9.0.lib : warning LNK4272: 库计算机类型“x64”与目标计算机类型“x86”冲突
E:\Software\PCL1.12.0\3rdParty\VTK\lib\vtkFiltersExtraction-9.0.lib : warning LNK4272: 库计算机类型“x64”与目标计算机类型“x86”冲突
E:\Software\PCL1.12.0\3rdParty\VTK\lib\vtkFiltersFlowPaths-9.0.lib : warning LNK4272: 库计算机类型“x64”与目标计算机类型“x86”冲突
E:\Software\PCL1.12.0\3rdParty\VTK\lib\vtkFiltersGeneral-9.0.lib : warning LNK4272: 库计算机类型“x64”与目标计算机类型“x86”冲突
E:\Software\PCL1.12.0\3rdParty\VTK\lib\vtkFiltersGeneric-9.0.lib : warning LNK4272: 库计算机类型“x64”与目标计算机类型“x86”冲突
E:\Software\PCL1.12.0\3rdParty\VTK\lib\vtkFiltersGeometry-9.0.lib : warning LNK4272: 库计算机类型“x64”与目标计算机类型“x86”冲突
E:\Software\PCL1.12.0\3rdParty\VTK\lib\vtkFiltersHybrid-9.0.lib : warning LNK4272: 库计算机类型“x64”与目标计算机类型“x86”冲突
E:\Software\PCL1.12.0\3rdParty\VTK\lib\vtkFiltersHyperTree-9.0.lib : warning LNK4272: 库计算机类型“x64”与目标计算机类型“x86”冲突
E:\Software\PCL1.12.0\3rdParty\VTK\lib\vtkFiltersImaging-9.0.lib : warning LNK4272: 库计算机类型“x64”与目标计算机类型“x86”冲突
E:\Software\PCL1.12.0\3rdParty\VTK\lib\vtkFiltersModeling-9.0.lib : warning LNK4272: 库计算机类型“x64”与目标计算机类型“x86”冲突
E:\Software\PCL1.12.0\3rdParty\VTK\lib\vtkFiltersParallel-9.0.lib : warning LNK4272: 库计算机类型“x64”与目标计算机类型“x86”冲突
E:\Software\PCL1.12.0\3rdParty\VTK\lib\vtkFiltersParallelImaging-9.0.lib : warning LNK4272: 库计算机类型“x64”与目标计算机类型“x86”冲突
E:\Software\PCL1.12.0\3rdParty\VTK\lib\vtkFiltersPoints-9.0.lib : warning LNK4272: 库计算机类型“x64”与目标计算机类型“x86”冲突
E:\Software\PCL1.12.0\3rdParty\VTK\lib\vtkFiltersProgrammable-9.0.lib : warning LNK4272: 库计算机类型“x64”与目标计算机类型“x86”冲突
E:\Software\PCL1.12.0\3rdParty\VTK\lib\vtkFiltersSelection-9.0.lib : warning LNK4272: 库计算机类型“x64”与目标计算机类型“x86”冲突
E:\Software\PCL1.12.0\3rdParty\VTK\lib\vtkFiltersSMP-9.0.lib : warning LNK4272: 库计算机类型“x64”与目标计算机类型“x86”冲突
E:\Software\PCL1.12.0\3rdParty\VTK\lib\vtkFiltersSources-9.0.lib : warning LNK4272: 库计算机类型“x64”与目标计算机类型“x86”冲突
E:\Software\PCL1.12.0\3rdParty\VTK\lib\vtkFiltersStatistics-9.0.lib : warning LNK4272: 库计算机类型“x64”与目标计算机类型“x86”冲突
E:\Software\PCL1.12.0\3rdParty\VTK\lib\vtkFiltersTexture-9.0.lib : warning LNK4272: 库计算机类型“x64”与目标计算机类型“x86”冲突
E:\Software\PCL1.12.0\3rdParty\VTK\lib\vtkFiltersTopology-9.0.lib : warning LNK4272: 库计算机类型“x64”与目标计算机类型“x86”冲突
E:\Software\PCL1.12.0\3rdParty\VTK\lib\vtkFiltersVerdict-9.0.lib : warning LNK4272: 库计算机类型“x64”与目标计算机类型“x86”冲突
E:\Software\PCL1.12.0\3rdParty\VTK\lib\vtkfreetype-9.0.lib : warning LNK4272: 库计算机类型“x64”与目标计算机类型“x86”冲突
E:\Software\PCL1.12.0\3rdParty\VTK\lib\vtkGeovisCore-9.0.lib : warning LNK4272: 库计算机类型“x64”与目标计算机类型“x86”冲突
E:\Software\PCL1.12.0\3rdParty\VTK\lib\vtkgl2ps-9.0.lib : warning LNK4272: 库计算机类型“x64”与目标计算机类型“x86”冲突
E:\Software\PCL1.12.0\3rdParty\VTK\lib\vtkglew-9.0.lib : warning LNK4272: 库计算机类型“x64”与目标计算机类型“x86”冲突
E:\Software\PCL1.12.0\3rdParty\VTK\lib\vtkhdf5-9.0.lib : warning LNK4272: 库计算机类型“x64”与目标计算机类型“x86”冲突
E:\Software\PCL1.12.0\3rdParty\VTK\lib\vtkhdf5_hl-9.0.lib : warning LNK4272: 库计算机类型“x64”与目标计算机类型“x86”冲突
E:\Software\PCL1.12.0\3rdParty\VTK\lib\vtkImagingColor-9.0.lib : warning LNK4272: 库计算机类型“x64”与目标计算机类型“x86”冲突
E:\Software\PCL1.12.0\3rdParty\VTK\lib\vtkImagingCore-9.0.lib : warning LNK4272: 库计算机类型“x64”与目标计算机类型“x86”冲突
E:\Software\PCL1.12.0\3rdParty\VTK\lib\vtkImagingFourier-9.0.lib : warning LNK4272: 库计算机类型“x64”与目标计算机类型“x86”冲突
E:\Software\PCL1.12.0\3rdParty\VTK\lib\vtkImagingGeneral-9.0.lib : warning LNK4272: 库计算机类型“x64”与目标计算机类型“x86”冲突
E:\Software\PCL1.12.0\3rdParty\VTK\lib\vtkImagingHybrid-9.0.lib : warning LNK4272: 库计算机类型“x64”与目标计算机类型“x86”冲突
E:\Software\PCL1.12.0\3rdParty\VTK\lib\vtkImagingMath-9.0.lib : warning LNK4272: 库计算机类型“x64”与目标计算机类型“x86”冲突
E:\Software\PCL1.12.0\3rdParty\VTK\lib\vtkImagingMorphological-9.0.lib : warning LNK4272: 库计算机类型“x64”与目标计算机类型“x86”冲突
E:\Software\PCL1.12.0\3rdParty\VTK\lib\vtkImagingSources-9.0.lib : warning LNK4272: 库计算机类型“x64”与目标计算机类型“x86”冲突
E:\Software\PCL1.12.0\3rdParty\VTK\lib\vtkImagingStatistics-9.0.lib : warning LNK4272: 库计算机类型“x64”与目标计算机类型“x86”冲突
E:\Software\PCL1.12.0\3rdParty\VTK\lib\vtkImagingStencil-9.0.lib : warning LNK4272: 库计算机类型“x64”与目标计算机类型“x86”冲突
E:\Software\PCL1.12.0\3rdParty\VTK\lib\vtkInfovisCore-9.0.lib : warning LNK4272: 库计算机类型“x64”与目标计算机类型“x86”冲突
E:\Software\PCL1.12.0\3rdParty\VTK\lib\vtkInfovisLayout-9.0.lib : warning LNK4272: 库计算机类型“x64”与目标计算机类型“x86”冲突
E:\Software\PCL1.12.0\3rdParty\VTK\lib\vtkInteractionImage-9.0.lib : warning LNK4272: 库计算机类型“x64”与目标计算机类型“x86”冲突
E:\Software\PCL1.12.0\3rdParty\VTK\lib\vtkInteractionStyle-9.0.lib : warning LNK4272: 库计算机类型“x64”与目标计算机类型“x86”冲突
E:\Software\PCL1.12.0\3rdParty\VTK\lib\vtkInteractionWidgets-9.0.lib : warning LNK4272: 库计算机类型“x64”与目标计算机类型“x86”冲突
E:\Software\PCL1.12.0\3rdParty\VTK\lib\vtkIOAMR-9.0.lib : warning LNK4272: 库计算机类型“x64”与目标计算机类型“x86”冲突
E:\Software\PCL1.12.0\3rdParty\VTK\lib\vtkIOAsynchronous-9.0.lib : warning LNK4272: 库计算机类型“x64”与目标计算机类型“x86”冲突
E:\Software\PCL1.12.0\3rdParty\VTK\lib\vtkIOCityGML-9.0.lib : warning LNK4272: 库计算机类型“x64”与目标计算机类型“x86”冲突
E:\Software\PCL1.12.0\3rdParty\VTK\lib\vtkIOCore-9.0.lib : warning LNK4272: 库计算机类型“x64”与目标计算机类型“x86”冲突
E:\Software\PCL1.12.0\3rdParty\VTK\lib\vtkIOEnSight-9.0.lib : warning LNK4272: 库计算机类型“x64”与目标计算机类型“x86”冲突
E:\Software\PCL1.12.0\3rdParty\VTK\lib\vtkIOExodus-9.0.lib : warning LNK4272: 库计算机类型“x64”与目标计算机类型“x86”冲突
E:\Software\PCL1.12.0\3rdParty\VTK\lib\vtkIOExport-9.0.lib : warning LNK4272: 库计算机类型“x64”与目标计算机类型“x86”冲突
E:\Software\PCL1.12.0\3rdParty\VTK\lib\vtkIOExportGL2PS-9.0.lib : warning LNK4272: 库计算机类型“x64”与目标计算机类型“x86”冲突
E:\Software\PCL1.12.0\3rdParty\VTK\lib\vtkIOExportPDF-9.0.lib : warning LNK4272: 库计算机类型“x64”与目标计算机类型“x86”冲突
E:\Software\PCL1.12.0\3rdParty\VTK\lib\vtkIOGeometry-9.0.lib : warning LNK4272: 库计算机类型“x64”与目标计算机类型“x86”冲突
E:\Software\PCL1.12.0\3rdParty\VTK\lib\vtkIOImage-9.0.lib : warning LNK4272: 库计算机类型“x64”与目标计算机类型“x86”冲突
E:\Software\PCL1.12.0\3rdParty\VTK\lib\vtkIOImport-9.0.lib : warning LNK4272: 库计算机类型“x64”与目标计算机类型“x86”冲突
E:\Software\PCL1.12.0\3rdParty\VTK\lib\vtkIOInfovis-9.0.lib : warning LNK4272: 库计算机类型“x64”与目标计算机类型“x86”冲突
E:\Software\PCL1.12.0\3rdParty\VTK\lib\vtkIOLegacy-9.0.lib : warning LNK4272: 库计算机类型“x64”与目标计算机类型“x86”冲突
E:\Software\PCL1.12.0\3rdParty\VTK\lib\vtkIOLSDyna-9.0.lib : warning LNK4272: 库计算机类型“x64”与目标计算机类型“x86”冲突
E:\Software\PCL1.12.0\3rdParty\VTK\lib\vtkIOMINC-9.0.lib : warning LNK4272: 库计算机类型“x64”与目标计算机类型“x86”冲突
E:\Software\PCL1.12.0\3rdParty\VTK\lib\vtkIOMotionFX-9.0.lib : warning LNK4272: 库计算机类型“x64”与目标计算机类型“x86”冲突
E:\Software\PCL1.12.0\3rdParty\VTK\lib\vtkIOMovie-9.0.lib : warning LNK4272: 库计算机类型“x64”与目标计算机类型“x86”冲突
E:\Software\PCL1.12.0\3rdParty\VTK\lib\vtkIONetCDF-9.0.lib : warning LNK4272: 库计算机类型“x64”与目标计算机类型“x86”冲突
E:\Software\PCL1.12.0\3rdParty\VTK\lib\vtkIOOggTheora-9.0.lib : warning LNK4272: 库计算机类型“x64”与目标计算机类型“x86”冲突
E:\Software\PCL1.12.0\3rdParty\VTK\lib\vtkIOParallel-9.0.lib : warning LNK4272: 库计算机类型“x64”与目标计算机类型“x86”冲突
E:\Software\PCL1.12.0\3rdParty\VTK\lib\vtkIOParallelXML-9.0.lib : warning LNK4272: 库计算机类型“x64”与目标计算机类型“x86”冲突
E:\Software\PCL1.12.0\3rdParty\VTK\lib\vtkIOPLY-9.0.lib : warning LNK4272: 库计算机类型“x64”与目标计算机类型“x86”冲突
E:\Software\PCL1.12.0\3rdParty\VTK\lib\vtkIOSegY-9.0.lib : warning LNK4272: 库计算机类型“x64”与目标计算机类型“x86”冲突
E:\Software\PCL1.12.0\3rdParty\VTK\lib\vtkIOSQL-9.0.lib : warning LNK4272: 库计算机类型“x64”与目标计算机类型“x86”冲突
E:\Software\PCL1.12.0\3rdParty\VTK\lib\vtkIOTecplotTable-9.0.lib : warning LNK4272: 库计算机类型“x64”与目标计算机类型“x86”冲突
E:\Software\PCL1.12.0\3rdParty\VTK\lib\vtkIOVeraOut-9.0.lib : warning LNK4272: 库计算机类型“x64”与目标计算机类型“x86”冲突
E:\Software\PCL1.12.0\3rdParty\VTK\lib\vtkIOVideo-9.0.lib : warning LNK4272: 库计算机类型“x64”与目标计算机类型“x86”冲突
E:\Software\PCL1.12.0\3rdParty\VTK\lib\vtkIOXML-9.0.lib : warning LNK4272: 库计算机类型“x64”与目标计算机类型“x86”冲突
E:\Software\PCL1.12.0\3rdParty\VTK\lib\vtkIOXMLParser-9.0.lib : warning LNK4272: 库计算机类型“x64”与目标计算机类型“x86”冲突
E:\Software\PCL1.12.0\3rdParty\VTK\lib\vtkjpeg-9.0.lib : warning LNK4272: 库计算机类型“x64”与目标计算机类型“x86”冲突
E:\Software\PCL1.12.0\3rdParty\VTK\lib\vtkjsoncpp-9.0.lib : warning LNK4272: 库计算机类型“x64”与目标计算机类型“x86”冲突
E:\Software\PCL1.12.0\3rdParty\VTK\lib\vtklibharu-9.0.lib : warning LNK4272: 库计算机类型“x64”与目标计算机类型“x86”冲突
E:\Software\PCL1.12.0\3rdParty\VTK\lib\vtklibproj-9.0.lib : warning LNK4272: 库计算机类型“x64”与目标计算机类型“x86”冲突
E:\Software\PCL1.12.0\3rdParty\VTK\lib\vtklibxml2-9.0.lib : warning LNK4272: 库计算机类型“x64”与目标计算机类型“x86”冲突
E:\Software\PCL1.12.0\3rdParty\VTK\lib\vtkloguru-9.0.lib : warning LNK4272: 库计算机类型“x64”与目标计算机类型“x86”冲突
E:\Software\PCL1.12.0\3rdParty\VTK\lib\vtklz4-9.0.lib : warning LNK4272: 库计算机类型“x64”与目标计算机类型“x86”冲突
E:\Software\PCL1.12.0\3rdParty\VTK\lib\vtklzma-9.0.lib : warning LNK4272: 库计算机类型“x64”与目标计算机类型“x86”冲突
E:\Software\PCL1.12.0\3rdParty\VTK\lib\vtkmetaio-9.0.lib : warning LNK4272: 库计算机类型“x64”与目标计算机类型“x86”冲突
E:\Software\PCL1.12.0\3rdParty\VTK\lib\vtknetcdf-9.0.lib : warning LNK4272: 库计算机类型“x64”与目标计算机类型“x86”冲突
E:\Software\PCL1.12.0\3rdParty\VTK\lib\vtkogg-9.0.lib : warning LNK4272: 库计算机类型“x64”与目标计算机类型“x86”冲突
E:\Software\PCL1.12.0\3rdParty\VTK\lib\vtkParallelCore-9.0.lib : warning LNK4272: 库计算机类型“x64”与目标计算机类型“x86”冲突
E:\Software\PCL1.12.0\3rdParty\VTK\lib\vtkParallelDIY-9.0.lib : warning LNK4272: 库计算机类型“x64”与目标计算机类型“x86”冲突
E:\Software\PCL1.12.0\3rdParty\VTK\lib\vtkpng-9.0.lib : warning LNK4272: 库计算机类型“x64”与目标计算机类型“x86”冲突
E:\Software\PCL1.12.0\3rdParty\VTK\lib\vtkpugixml-9.0.lib : warning LNK4272: 库计算机类型“x64”与目标计算机类型“x86”冲突
E:\Software\PCL1.12.0\3rdParty\VTK\lib\vtkRenderingAnnotation-9.0.lib : warning LNK4272: 库计算机类型“x64”与目标计算机类型“x86”冲突
E:\Software\PCL1.12.0\3rdParty\VTK\lib\vtkRenderingContext2D-9.0.lib : warning LNK4272: 库计算机类型“x64”与目标计算机类型“x86”冲突
E:\Software\PCL1.12.0\3rdParty\VTK\lib\vtkRenderingContextOpenGL2-9.0.lib : warning LNK4272: 库计算机类型“x64”与目标计算机类型“x86”冲突
E:\Software\PCL1.12.0\3rdParty\VTK\lib\vtkRenderingCore-9.0.lib : warning LNK4272: 库计算机类型“x64”与目标计算机类型“x86”冲突
E:\Software\PCL1.12.0\3rdParty\VTK\lib\vtkRenderingFreeType-9.0.lib : warning LNK4272: 库计算机类型“x64”与目标计算机类型“x86”冲突
E:\Software\PCL1.12.0\3rdParty\VTK\lib\vtkRenderingGL2PSOpenGL2-9.0.lib : warning LNK4272: 库计算机类型“x64”与目标计算机类型“x86”冲突
E:\Software\PCL1.12.0\3rdParty\VTK\lib\vtkRenderingImage-9.0.lib : warning LNK4272: 库计算机类型“x64”与目标计算机类型“x86”冲突
E:\Software\PCL1.12.0\3rdParty\VTK\lib\vtkRenderingLabel-9.0.lib : warning LNK4272: 库计算机类型“x64”与目标计算机类型“x86”冲突
E:\Software\PCL1.12.0\3rdParty\VTK\lib\vtkRenderingLOD-9.0.lib : warning LNK4272: 库计算机类型“x64”与目标计算机类型“x86”冲突
E:\Software\PCL1.12.0\3rdParty\VTK\lib\vtkRenderingOpenGL2-9.0.lib : warning LNK4272: 库计算机类型“x64”与目标计算机类型“x86”冲突
E:\Software\PCL1.12.0\3rdParty\VTK\lib\vtkRenderingSceneGraph-9.0.lib : warning LNK4272: 库计算机类型“x64”与目标计算机类型“x86”冲突
E:\Software\PCL1.12.0\3rdParty\VTK\lib\vtkRenderingUI-9.0.lib : warning LNK4272: 库计算机类型“x64”与目标计算机类型“x86”冲突
E:\Software\PCL1.12.0\3rdParty\VTK\lib\vtkRenderingVolume-9.0.lib : warning LNK4272: 库计算机类型“x64”与目标计算机类型“x86”冲突
E:\Software\PCL1.12.0\3rdParty\VTK\lib\vtkRenderingVolumeOpenGL2-9.0.lib : warning LNK4272: 库计算机类型“x64”与目标计算机类型“x86”冲突
E:\Software\PCL1.12.0\3rdParty\VTK\lib\vtkRenderingVtkJS-9.0.lib : warning LNK4272: 库计算机类型“x64”与目标计算机类型“x86”冲突
E:\Software\PCL1.12.0\3rdParty\VTK\lib\vtksqlite-9.0.lib : warning LNK4272: 库计算机类型“x64”与目标计算机类型“x86”冲突
E:\Software\PCL1.12.0\3rdParty\VTK\lib\vtksys-9.0.lib : warning LNK4272: 库计算机类型“x64”与目标计算机类型“x86”冲突
E:\Software\PCL1.12.0\3rdParty\VTK\lib\vtkTestingRendering-9.0.lib : warning LNK4272: 库计算机类型“x64”与目标计算机类型“x86”冲突
E:\Software\PCL1.12.0\3rdParty\VTK\lib\vtktheora-9.0.lib : warning LNK4272: 库计算机类型“x64”与目标计算机类型“x86”冲突
E:\Software\PCL1.12.0\3rdParty\VTK\lib\vtktiff-9.0.lib : warning LNK4272: 库计算机类型“x64”与目标计算机类型“x86”冲突
E:\Software\PCL1.12.0\3rdParty\VTK\lib\vtkverdict-9.0.lib : warning LNK4272: 库计算机类型“x64”与目标计算机类型“x86”冲突
E:\Software\PCL1.12.0\3rdParty\VTK\lib\vtkViewsContext2D-9.0.lib : warning LNK4272: 库计算机类型“x64”与目标计算机类型“x86”冲突
E:\Software\PCL1.12.0\3rdParty\VTK\lib\vtkViewsCore-9.0.lib : warning LNK4272: 库计算机类型“x64”与目标计算机类型“x86”冲突
E:\Software\PCL1.12.0\3rdParty\VTK\lib\vtkViewsInfovis-9.0.lib : warning LNK4272: 库计算机类型“x64”与目标计算机类型“x86”冲突
E:\Software\PCL1.12.0\3rdParty\VTK\lib\vtkWrappingTools-9.0.lib : warning LNK4272: 库计算机类型“x64”与目标计算机类型“x86”冲突
E:\Software\PCL1.12.0\3rdParty\VTK\lib\vtkzlib-9.0.lib : warning LNK4272: 库计算机类型“x64”与目标计算机类型“x86”冲突
E:\dev\opencv\build\x64\vc15\lib\opencv_world453.lib : warning LNK4272: 库计算机类型“x64”与目标计算机类型“x86”冲突
E:\Project\Debug\Project.exe : fatal error LNK1120: 31 个无法解析的外部命令
